[18:58:10] [main/DEBUG] [FML/]: Injecting tracing printstreams for STDOUT/STDERR.
[18:58:10] [main/INFO] [FML/]: Forge Mod Loader version 14.22.1.2485 for Minecraft 1.12.1 loading
[18:58:10] [main/INFO] [FML/]: Java is OpenJDK 64-Bit Server VM, version 1.8.0_452, running on Linux:amd64:6.8.0-1027-azure, installed at /usr/lib/jvm/java-8-openjdk-amd64/jre
[18:58:10] [main/DEBUG] [FML/]: Java classpath at launch is:
[18:58:10] [main/DEBUG] [FML/]:     /workspaces/triskatri/servidor_minecraft/forge-1.12.1-14.22.1.2485-universal.jar
[18:58:10] [main/DEBUG] [FML/]: Java library path at launch is:
[18:58:10] [main/DEBUG] [FML/]:     /tmp/_MEIoCkJGk
[18:58:10] [main/DEBUG] [FML/]:     /usr/java/packages/lib/amd64
[18:58:10] [main/DEBUG] [FML/]:     /usr/lib/x86_64-linux-gnu/jni
[18:58:10] [main/DEBUG] [FML/]:     /lib/x86_64-linux-gnu
[18:58:10] [main/DEBUG] [FML/]:     /usr/lib/x86_64-linux-gnu
[18:58:10] [main/DEBUG] [FML/]:     /usr/lib/jni
[18:58:10] [main/DEBUG] [FML/]:     /lib
[18:58:10] [main/DEBUG] [FML/]:     /usr/lib
[18:58:10] [main/DEBUG] [FML/]: Enabling runtime deobfuscation
[18:58:10] [main/DEBUG] [FML/]: Instantiating coremod class FMLCorePlugin
[18:58:10] [main/WARN] [FML/]: The coremod FMLCorePlugin (net.minecraftforge.fml.relauncher.FMLCorePlugin) is not signed!
[18:58:10] [main/DEBUG] [FML/]: Added access transformer class net.minecraftforge.fml.common.asm.transformers.AccessTransformer to enqueued access transformers
[18:58:10] [main/DEBUG] [FML/]: Enqueued coremod FMLCorePlugin
[18:58:10] [main/DEBUG] [FML/]: Instantiating coremod class FMLForgePlugin
[18:58:10] [main/WARN] [FML/]: The coremod FMLForgePlugin (net.minecraftforge.classloading.FMLForgePlugin) is not signed!
[18:58:10] [main/DEBUG] [FML/]: Enqueued coremod FMLForgePlugin
[18:58:10] [main/DEBUG] [FML/]: All fundamental core mods are successfully located
[18:58:10] [main/DEBUG] [FML/]: Attempting to load commandline specified mods, relative to /workspaces/triskatri/servidor_minecraft/.
[18:58:10] [main/DEBUG] [FML/]: Adding net.minecraftforge:MercuriusUpdater (/workspaces/triskatri/servidor_minecraft/./libraries/net/minecraftforge/MercuriusUpdater/1.12.1/MercuriusUpdater-1.12.1.jar) to the mod list
[18:58:10] [main/DEBUG] [FML/]: Discovering coremods
[18:58:10] [main/DEBUG] [FML/]: Examining for coremod candidacy MercuriusUpdater-1.12.1.jar
[18:58:10] [main/DEBUG] [FML/]: Not found coremod data in MercuriusUpdater-1.12.1.jar
[18:58:10] [main/INFO] [LaunchWrapper/]: Loading tweak class name net.minecraftforge.fml.common.launcher.FMLInjectionAndSortingTweaker
[18:58:10] [main/INFO] [LaunchWrapper/]: Loading tweak class name net.minecraftforge.fml.common.launcher.FMLDeobfTweaker
[18:58:10] [main/INFO] [LaunchWrapper/]: Calling tweak class net.minecraftforge.fml.common.launcher.FMLInjectionAndSortingTweaker
[18:58:10] [main/INFO] [LaunchWrapper/]: Calling tweak class net.minecraftforge.fml.common.launcher.FMLInjectionAndSortingTweaker
[18:58:10] [main/INFO] [LaunchWrapper/]: Calling tweak class net.minecraftforge.fml.relauncher.CoreModManager$FMLPluginWrapper
[18:58:10] [main/DEBUG] [FML/]: Injecting coremod FMLCorePlugin \{net.minecraftforge.fml.relauncher.FMLCorePlugin\} class transformers
[18:58:10] [main/TRACE] [FML/]: Registering transformer net.minecraftforge.fml.common.asm.transformers.BlamingTransformer
[18:58:10] [main/TRACE] [FML/]: Registering transformer net.minecraftforge.fml.common.asm.transformers.SideTransformer
[18:58:10] [main/TRACE] [FML/]: Registering transformer net.minecraftforge.fml.common.asm.transformers.EventSubscriptionTransformer
[18:58:10] [main/TRACE] [FML/]: Registering transformer net.minecraftforge.fml.common.asm.transformers.EventSubscriberTransformer
[18:58:10] [main/DEBUG] [FML/]: Injection complete
[18:58:10] [main/DEBUG] [FML/]: Running coremod plugin for FMLCorePlugin \{net.minecraftforge.fml.relauncher.FMLCorePlugin\}
[18:58:10] [main/DEBUG] [FML/]: Running coremod plugin FMLCorePlugin
[18:58:11] [main/DEBUG] [FML/]: Injecting tracing printstreams for STDOUT/STDERR.
[18:58:11] [main/DEBUG] [FML/]: Read 1013 binary patches
[18:58:11] [main/DEBUG] [FML/]: Loading deobfuscation resource /deobfuscation_data-1.12.1.lzma with 36083 records
[18:58:12] [main/ERROR] [FML/]: FML appears to be missing any signature data. This is not a good thing
[18:58:12] [main/DEBUG] [FML/]: Coremod plugin class FMLCorePlugin run successfully
[18:58:12] [main/INFO] [LaunchWrapper/]: Calling tweak class net.minecraftforge.fml.relauncher.CoreModManager$FMLPluginWrapper
[18:58:12] [main/DEBUG] [FML/]: Injecting coremod FMLForgePlugin \{net.minecraftforge.classloading.FMLForgePlugin\} class transformers
[18:58:12] [main/DEBUG] [FML/]: Injection complete
[18:58:12] [main/DEBUG] [FML/]: Running coremod plugin for FMLForgePlugin \{net.minecraftforge.classloading.FMLForgePlugin\}
[18:58:12] [main/DEBUG] [FML/]: Running coremod plugin FMLForgePlugin
[18:58:12] [main/DEBUG] [FML/]: Coremod plugin class FMLForgePlugin run successfully
[18:58:12] [main/INFO] [LaunchWrapper/]: Calling tweak class net.minecraftforge.fml.common.launcher.FMLDeobfTweaker
[18:58:12] [main/DEBUG] [FML/]: Loaded 208 rules from AccessTransformer config file forge_at.cfg
[18:58:12] [main/DEBUG] [FML/]: Validating minecraft
[18:58:12] [main/DEBUG] [FML/]: Minecraft validated, launching...
[18:58:12] [main/INFO] [LaunchWrapper/]: Loading tweak class name net.minecraftforge.fml.common.launcher.TerminalTweaker
[18:58:12] [main/INFO] [LaunchWrapper/]: Calling tweak class net.minecraftforge.fml.common.launcher.TerminalTweaker
[18:58:12] [main/INFO] [LaunchWrapper/]: Launching wrapped minecraft {net.minecraft.server.MinecraftServer}
[18:58:14] [main/DEBUG] [FML/]: Creating vanilla freeze snapshot
[18:58:14] [main/DEBUG] [FML/]: Vanilla freeze snapshot created
