[18:58:15] [Server thread/INFO]: Starting minecraft server version 1.12.1
[18:58:17] [Server thread/INFO]: Loading properties
[18:58:17] [Server thread/INFO]: Default game type: SURVIVAL
[18:58:17] [Server thread/INFO]: Generating keypair
[18:58:17] [Server thread/INFO]: Starting Minecraft server on *:25565
[18:58:17] [Server thread/INFO]: Using epoll channel type
[18:58:17] [Server thread/WARN]: **** SERVER IS RUNNING IN OFFLINE/INSECURE MODE!
[18:58:17] [Server thread/WARN]: The server will make no attempt to authenticate usernames. Beware.
[18:58:17] [Server thread/WARN]: While this makes the game possible to play without internet access, it also opens up the ability for hackers to connect with any username they choose.
[18:58:17] [Server thread/WARN]: To change this, set "online-mode" to "true" in the server.properties file.
[18:58:17] [Server thread/INFO]: Preparing level "world"
[18:58:17] [Server thread/INFO]: Loaded 488 advancements
[18:58:18] [Server thread/INFO]: Preparing start region for level 0
[18:58:19] [Server thread/INFO]: Preparing spawn area: 8%
[18:58:20] [Server thread/INFO]: Preparing spawn area: 18%
[18:58:21] [Server thread/INFO]: Preparing spawn area: 30%
[18:58:22] [Server thread/INFO]: Preparing spawn area: 43%
[18:58:23] [Server thread/INFO]: Preparing spawn area: 62%
[18:58:24] [Server thread/INFO]: Preparing spawn area: 82%
[18:58:25] [Server thread/INFO]: Done (7.617s)! For help, type "help" or "?"
[19:23:57] [Server Shutdown Thread/INFO]: Stopping server
[19:23:57] [Server Shutdown Thread/INFO]: Saving players
